[2025-11-15 18:31:49,995] INFO Starting the log cleaner (kafka.log.LogCleaner)
[2025-11-15 18:31:50,038] INFO [kafka-log-cleaner-thread-0]: Starting (kafka.log.LogCleaner)
[2025-11-15 18:32:19,311] INFO Shutting down the log cleaner. (kafka.log.LogCleaner)
[2025-11-15 18:32:19,311] INFO [kafka-log-cleaner-thread-0]: Shutting down (kafka.log.LogCleaner)
[2025-11-15 18:32:19,311] INFO [kafka-log-cleaner-thread-0]: Stopped (kafka.log.LogCleaner)
[2025-11-15 18:32:19,311] INFO [kafka-log-cleaner-thread-0]: Shutdown completed (kafka.log.LogCleaner)
[2025-11-15 18:35:47,828] INFO Starting the log cleaner (kafka.log.LogCleaner)
[2025-11-15 18:35:47,863] INFO [kafka-log-cleaner-thread-0]: Starting (kafka.log.LogCleaner)
[2025-11-15 18:41:50,822] INFO Shutting down the log cleaner. (kafka.log.LogCleaner)
[2025-11-15 18:41:50,823] INFO [kafka-log-cleaner-thread-0]: Shutting down (kafka.log.LogCleaner)
[2025-11-15 18:41:50,823] INFO [kafka-log-cleaner-thread-0]: Stopped (kafka.log.LogCleaner)
[2025-11-15 18:41:50,823] INFO [kafka-log-cleaner-thread-0]: Shutdown completed (kafka.log.LogCleaner)
[2025-11-15 19:05:21,640] INFO Starting the log cleaner (kafka.log.LogCleaner)
[2025-11-15 19:05:21,676] INFO [kafka-log-cleaner-thread-0]: Starting (kafka.log.LogCleaner)
[2025-11-15 21:31:14,104] INFO Starting the log cleaner (kafka.log.LogCleaner)
[2025-11-15 21:31:14,135] INFO [kafka-log-cleaner-thread-0]: Starting (kafka.log.LogCleaner)
[2025-11-15 21:31:50,842] INFO Starting the log cleaner (kafka.log.LogCleaner)
[2025-11-15 21:31:50,873] INFO [kafka-log-cleaner-thread-0]: Starting (kafka.log.LogCleaner)
[2025-11-15 21:32:21,663] INFO Starting the log cleaner (kafka.log.LogCleaner)
[2025-11-15 21:32:21,694] INFO [kafka-log-cleaner-thread-0]: Starting (kafka.log.LogCleaner)
[2025-11-15 21:32:22,079] INFO Shutting down the log cleaner. (kafka.log.LogCleaner)
[2025-11-15 21:32:22,079] INFO [kafka-log-cleaner-thread-0]: Shutting down (kafka.log.LogCleaner)
[2025-11-15 21:32:22,080] INFO [kafka-log-cleaner-thread-0]: Stopped (kafka.log.LogCleaner)
[2025-11-15 21:32:22,080] INFO [kafka-log-cleaner-thread-0]: Shutdown completed (kafka.log.LogCleaner)
[2025-11-15 21:33:27,396] INFO Starting the log cleaner (kafka.log.LogCleaner)
[2025-11-15 21:33:27,434] INFO [kafka-log-cleaner-thread-0]: Starting (kafka.log.LogCleaner)
[2025-11-15 21:36:02,545] INFO Starting the log cleaner (kafka.log.LogCleaner)
[2025-11-15 21:36:02,576] INFO [kafka-log-cleaner-thread-0]: Starting (kafka.log.LogCleaner)
[2025-11-15 21:37:13,009] INFO Starting the log cleaner (kafka.log.LogCleaner)
[2025-11-15 21:37:13,036] INFO [kafka-log-cleaner-thread-0]: Starting (kafka.log.LogCleaner)
[2025-11-15 22:36:15,581] ERROR Failed to access checkpoint file cleaner-offset-checkpoint in dir D:\softwares\kafka-cluster\data\kafka (kafka.log.LogCleaner)
org.apache.kafka.common.errors.KafkaStorageException: Error while reading checkpoint file D:\softwares\kafka-cluster\data\kafka\cleaner-offset-checkpoint
Caused by: java.nio.file.NoSuchFileException: D:\softwares\kafka-cluster\data\kafka\cleaner-offset-checkpoint
	at java.base/sun.nio.fs.WindowsException.translateToIOException(WindowsException.java:85)
	at java.base/sun.nio.fs.WindowsException.rethrowAsIOException(WindowsException.java:103)
	at java.base/sun.nio.fs.WindowsException.rethrowAsIOException(WindowsException.java:108)
	at java.base/sun.nio.fs.WindowsFileSystemProvider.newByteChannel(WindowsFileSystemProvider.java:236)
	at java.base/java.nio.file.Files.newByteChannel(Files.java:380)
	at java.base/java.nio.file.Files.newByteChannel(Files.java:432)
	at java.base/java.nio.file.spi.FileSystemProvider.newInputStream(FileSystemProvider.java:422)
	at java.base/java.nio.file.Files.newInputStream(Files.java:160)
	at java.base/java.nio.file.Files.newBufferedReader(Files.java:2922)
	at java.base/java.nio.file.Files.newBufferedReader(Files.java:2955)
	at org.apache.kafka.server.common.CheckpointFile.read(CheckpointFile.java:104)
	at kafka.server.checkpoints.CheckpointFileWithFailureHandler.read(CheckpointFileWithFailureHandler.scala:48)
	at kafka.server.checkpoints.OffsetCheckpointFile.read(OffsetCheckpointFile.scala:70)
	at kafka.log.LogCleanerManager.$anonfun$allCleanerCheckpoints$2(LogCleanerManager.scala:136)
	at scala.collection.Iterator$$anon$10.nextCur(Iterator.scala:587)
	at scala.collection.Iterator$$anon$10.hasNext(Iterator.scala:601)
	at scala.collection.immutable.List.prependedAll(List.scala:152)
	at scala.collection.immutable.List$.from(List.scala:684)
	at scala.collection.immutable.List$.from(List.scala:681)
	at scala.collection.IterableFactory$Delegate.from(Factory.scala:288)
	at scala.collection.immutable.Iterable$.from(Iterable.scala:35)
	at scala.collection.immutable.Iterable$.from(Iterable.scala:32)
	at scala.collection.IterableFactory$Delegate.from(Factory.scala:288)
	at scala.collection.IterableOps.flatMap(Iterable.scala:677)
	at scala.collection.IterableOps.flatMap$(Iterable.scala:677)
	at scala.collection.AbstractIterable.flatMap(Iterable.scala:926)
	at kafka.log.LogCleanerManager.$anonfun$allCleanerCheckpoints$1(LogCleanerManager.scala:134)
	at kafka.log.LogCleanerManager.allCleanerCheckpoints(LogCleanerManager.scala:142)
	at kafka.log.LogCleanerManager.$anonfun$grabFilthiestCompactedLog$1(LogCleanerManager.scala:173)
	at kafka.log.LogCleanerManager.grabFilthiestCompactedLog(LogCleanerManager.scala:170)
	at kafka.log.LogCleaner$CleanerThread.cleanFilthiestLog(LogCleaner.scala:358)
	at kafka.log.LogCleaner$CleanerThread.tryCleanFilthiestLog(LogCleaner.scala:345)
	at kafka.log.LogCleaner$CleanerThread.doWork(LogCleaner.scala:332)
	at kafka.utils.ShutdownableThread.run(ShutdownableThread.scala:96)
[2025-11-15 22:44:37,349] INFO Starting the log cleaner (kafka.log.LogCleaner)
[2025-11-15 22:44:37,396] INFO [kafka-log-cleaner-thread-0]: Starting (kafka.log.LogCleaner)
[2025-11-15 22:44:42,533] INFO Starting the log cleaner (kafka.log.LogCleaner)
[2025-11-15 22:44:42,582] INFO [kafka-log-cleaner-thread-0]: Starting (kafka.log.LogCleaner)
[2025-11-15 22:44:47,454] INFO Starting the log cleaner (kafka.log.LogCleaner)
[2025-11-15 22:44:47,511] INFO [kafka-log-cleaner-thread-0]: Starting (kafka.log.LogCleaner)
[2025-11-19 12:35:59,377] INFO Starting the log cleaner (kafka.log.LogCleaner)
[2025-11-19 12:35:59,421] INFO [kafka-log-cleaner-thread-0]: Starting (kafka.log.LogCleaner)
[2025-11-19 12:35:59,961] INFO Shutting down the log cleaner. (kafka.log.LogCleaner)
[2025-11-19 12:35:59,961] INFO [kafka-log-cleaner-thread-0]: Shutting down (kafka.log.LogCleaner)
[2025-11-19 12:35:59,962] INFO [kafka-log-cleaner-thread-0]: Stopped (kafka.log.LogCleaner)
[2025-11-19 12:35:59,962] INFO [kafka-log-cleaner-thread-0]: Shutdown completed (kafka.log.LogCleaner)
[2025-11-19 12:36:04,224] INFO Starting the log cleaner (kafka.log.LogCleaner)
[2025-11-19 12:36:04,266] INFO [kafka-log-cleaner-thread-0]: Starting (kafka.log.LogCleaner)
[2025-11-19 12:36:04,842] INFO Shutting down the log cleaner. (kafka.log.LogCleaner)
[2025-11-19 12:36:04,842] INFO [kafka-log-cleaner-thread-0]: Shutting down (kafka.log.LogCleaner)
[2025-11-19 12:36:04,844] INFO [kafka-log-cleaner-thread-0]: Stopped (kafka.log.LogCleaner)
[2025-11-19 12:36:04,844] INFO [kafka-log-cleaner-thread-0]: Shutdown completed (kafka.log.LogCleaner)
[2025-11-19 12:36:09,339] INFO Starting the log cleaner (kafka.log.LogCleaner)
[2025-11-19 12:36:09,382] INFO [kafka-log-cleaner-thread-0]: Starting (kafka.log.LogCleaner)
[2025-11-19 12:36:09,939] INFO Shutting down the log cleaner. (kafka.log.LogCleaner)
[2025-11-19 12:36:09,939] INFO [kafka-log-cleaner-thread-0]: Shutting down (kafka.log.LogCleaner)
[2025-11-19 12:36:09,940] INFO [kafka-log-cleaner-thread-0]: Stopped (kafka.log.LogCleaner)
[2025-11-19 12:36:09,941] INFO [kafka-log-cleaner-thread-0]: Shutdown completed (kafka.log.LogCleaner)
[2025-11-19 12:38:55,840] INFO Starting the log cleaner (kafka.log.LogCleaner)
[2025-11-19 12:38:55,889] INFO [kafka-log-cleaner-thread-0]: Starting (kafka.log.LogCleaner)
[2025-11-19 12:39:00,619] INFO Starting the log cleaner (kafka.log.LogCleaner)
[2025-11-19 12:39:00,665] INFO [kafka-log-cleaner-thread-0]: Starting (kafka.log.LogCleaner)
[2025-11-19 12:39:05,873] INFO Starting the log cleaner (kafka.log.LogCleaner)
[2025-11-19 12:39:05,930] INFO [kafka-log-cleaner-thread-0]: Starting (kafka.log.LogCleaner)
[2025-11-21 01:42:21,835] INFO Starting the log cleaner (kafka.log.LogCleaner)
[2025-11-21 01:42:21,870] INFO [kafka-log-cleaner-thread-0]: Starting (kafka.log.LogCleaner)
[2025-11-21 01:42:26,837] INFO Starting the log cleaner (kafka.log.LogCleaner)
[2025-11-21 01:42:26,868] INFO [kafka-log-cleaner-thread-0]: Starting (kafka.log.LogCleaner)
[2025-11-21 01:42:31,851] INFO Starting the log cleaner (kafka.log.LogCleaner)
[2025-11-21 01:42:31,892] INFO [kafka-log-cleaner-thread-0]: Starting (kafka.log.LogCleaner)
